\BOOKMARK [1][-]{section.1}{Introduction}{}% 1
\BOOKMARK [2][-]{subsection.1.1}{Approximate confidence distribution computing}{section.1}% 2
\BOOKMARK [2][-]{subsection.1.2}{Related work on Approximate Bayesian computing \(ABC\)}{section.1}% 3
\BOOKMARK [2][-]{subsection.1.3}{Notation and outline of topics}{section.1}% 4
\BOOKMARK [1][-]{section.2}{Establishing frequentist guarantees}{}% 5
\BOOKMARK [2][-]{subsection.2.1}{General conditions}{section.2}% 6
\BOOKMARK [2][-]{subsection.2.2}{Finite sample size case}{section.2}% 7
\BOOKMARK [1][-]{section.3}{Large sample theory}{}% 8
\BOOKMARK [2][-]{subsection.3.1}{A Bernstein-von Mises theorem for ACDC}{section.3}% 9
\BOOKMARK [2][-]{subsection.3.2}{Designing rn}{section.3}% 10
\BOOKMARK [1][-]{section.4}{Numerical examples}{}% 11
\BOOKMARK [2][-]{subsection.4.1}{Location and scale parameters for Cauchy data}{section.4}% 12
\BOOKMARK [2][-]{subsection.4.2}{Mulit-parameter inference for a Ricker model}{section.4}% 13
\BOOKMARK [1][-]{section.5}{Discussion}{}% 14
\BOOKMARK [1][-]{section*.2}{Acknowledgements}{}% 15
\BOOKMARK [1][-]{section*.4}{Funding}{}% 16
\BOOKMARK [1][-]{section*.6}{Supplementary Material}{}% 17
\BOOKMARK [1][-]{section.6}{Notation}{}% 18
\BOOKMARK [1][-]{section.7}{Conditions}{}% 19
\BOOKMARK [1][-]{section.8}{Proof for Theorem 2}{}% 20
\BOOKMARK [1][-]{section.9}{Proof of Theorem 3}{}% 21
\BOOKMARK [1][-]{appendix.A}{Appendix section}{}% 22
\BOOKMARK [1][-]{appendix.B}{Claim in Section 2}{}% 23
\BOOKMARK [1][-]{appendix.C}{Lemma 1}{}% 24
\BOOKMARK [1][-]{appendix.D}{Theorem 1}{}% 25
\BOOKMARK [1][-]{appendix.E}{Corollary 1}{}% 26
\BOOKMARK [1][-]{appendix.F}{Remark on degeneracy of acceptance rate}{}% 27
\BOOKMARK [1][-]{appendix.G}{Theorems 2 and 3}{}% 28
\BOOKMARK [2][-]{subsection.G.1}{Notation}{appendix.G}% 29
\BOOKMARK [2][-]{subsection.G.2}{Conditions}{appendix.G}% 30
\BOOKMARK [1][-]{section*.8}{References}{}% 31
\BOOKMARK [1][-]{section*.9}{Authors' addresses}{}% 32
