This is pdfTeX, Version 3.141592653-2.6-1.40.22 (TeX Live 2021) (preloaded format=pdflatex 2021.7.6)  3 MAY 2023 14:50
entering extended mode
 restricted \write18 enabled.
 file:line:error style messages enabled.
 %&-line parsing enabled.
**ACDC_main.tex
(./ACDC_main.tex
LaTeX2e <2020-10-01> patch level 4
L3 programming layer <2021-02-18> (./nejsds.cls
Document Class: nejsds 2023/02/23 v1.13, driver class for NEJSDS journal
(/usr/local/texlive/2021/texmf-dist/tex/latex/etoolbox/etoolbox.sty
Package: etoolbox 2020/10/05 v2.5k e-TeX tools for LaTeX (JAW)
\etb@tempcnta=\count179
)
(/usr/local/texlive/2021/texmf-dist/tex/latex/base/article.cls
Document Class: article 2020/04/10 v1.4m Standard LaTeX document class
(/usr/local/texlive/2021/texmf-dist/tex/latex/base/size10.clo
File: size10.clo 2020/04/10 v1.4m Standard LaTeX file (size option)
)
\c@part=\count180
\c@section=\count181
\c@subsection=\count182
\c@subsubsection=\count183
\c@paragraph=\count184
\c@subparagraph=\count185
\c@figure=\count186
\c@table=\count187
\abovecaptionskip=\skip47
\belowcaptionskip=\skip48
\bibindent=\dimen138
)
(/usr/local/texlive/2021/texmf-dist/tex/latex/graphics/rotating.sty
Package: rotating 2016/08/11 v2.16d rotated objects in LaTeX

(/usr/local/texlive/2021/texmf-dist/tex/latex/graphics/graphicx.sty
Package: graphicx 2020/09/09 v1.2b Enhanced LaTeX Graphics (DPC,SPQR)

(/usr/local/texlive/2021/texmf-dist/tex/latex/graphics/keyval.sty
Package: keyval 2014/10/28 v1.15 key=value parser (DPC)
\KV@toks@=\toks15
)
(/usr/local/texlive/2021/texmf-dist/tex/latex/graphics/graphics.sty
Package: graphics 2020/08/30 v1.4c Standard LaTeX Graphics (DPC,SPQR)

(/usr/local/texlive/2021/texmf-dist/tex/latex/graphics/trig.sty
Package: trig 2016/01/03 v1.10 sin cos tan (DPC)
)
(/usr/local/texlive/2021/texmf-dist/tex/latex/graphics-cfg/graphics.cfg
File: graphics.cfg 2016/06/04 v1.11 sample graphics configuration
)
Package graphics Info: Driver file: pdftex.def on input line 105.

(/usr/local/texlive/2021/texmf-dist/tex/latex/graphics-def/pdftex.def
File: pdftex.def 2020/10/05 v1.2a Graphics/color driver for pdftex
))
\Gin@req@height=\dimen139
\Gin@req@width=\dimen140
)
(/usr/local/texlive/2021/texmf-dist/tex/latex/base/ifthen.sty
Package: ifthen 2014/09/29 v1.1c Standard LaTeX ifthen package (DPC)
)
\c@r@tfl@t=\count188
\rotFPtop=\skip49
\rotFPbot=\skip50
\rot@float@box=\box47
\rot@mess@toks=\toks16
)
(/usr/local/texlive/2021/texmf-dist/tex/latex/natbib/natbib.sty
Package: natbib 2010/09/13 8.31b (PWD, AO)
\bibhang=\skip51
\bibsep=\skip52
LaTeX Info: Redefining \cite on input line 694.
\c@NAT@ctr=\count189
)
(/usr/local/texlive/2021/texmf-dist/tex/latex/ncctools/afterpackage.sty
Package: afterpackage 2006/01/17 v1.1 Apply Commands After Package (NCC)
)
\t@xtheight=\dimen141

(/usr/local/texlive/2021/texmf-dist/tex/latex/amsmath/amsmath.sty
Package: amsmath 2020/09/23 v2.17i AMS math features
\@mathmargin=\skip53

For additional information on amsmath, use the `?' option.
(/usr/local/texlive/2021/texmf-dist/tex/latex/amsmath/amstext.sty
Package: amstext 2000/06/29 v2.01 AMS text

(/usr/local/texlive/2021/texmf-dist/tex/latex/amsmath/amsgen.sty
File: amsgen.sty 1999/11/30 v2.0 generic functions
\@emptytoks=\toks17
\ex@=\dimen142
))
(/usr/local/texlive/2021/texmf-dist/tex/latex/amsmath/amsbsy.sty
Package: amsbsy 1999/11/29 v1.2d Bold Symbols
\pmbraise@=\dimen143
)
(/usr/local/texlive/2021/texmf-dist/tex/latex/amsmath/amsopn.sty
Package: amsopn 2016/03/08 v2.02 operator names
)
\inf@bad=\count190
LaTeX Info: Redefining \frac on input line 234.
\uproot@=\count191
\leftroot@=\count192
LaTeX Info: Redefining \overline on input line 399.
\classnum@=\count193
\DOTSCASE@=\count194
LaTeX Info: Redefining \ldots on input line 496.
LaTeX Info: Redefining \dots on input line 499.
LaTeX Info: Redefining \cdots on input line 620.
\Mathstrutbox@=\box48
\strutbox@=\box49
\big@size=\dimen144
LaTeX Font Info:    Redeclaring font encoding OML on input line 743.
LaTeX Font Info:    Redeclaring font encoding OMS on input line 744.
\macc@depth=\count195
\c@MaxMatrixCols=\count196
\dotsspace@=\muskip16
\c@parentequation=\count197
\dspbrk@lvl=\count198
\tag@help=\toks18
\row@=\count199
\column@=\count266
\maxfields@=\count267
\andhelp@=\toks19
\eqnshift@=\dimen145
\alignsep@=\dimen146
\tagshift@=\dimen147
\tagwidth@=\dimen148
\totwidth@=\dimen149
\lineht@=\dimen150
\@envbody=\toks20
\multlinegap=\skip54
\multlinetaggap=\skip55
\mathdisplay@stack=\toks21
LaTeX Info: Redefining \[ on input line 2923.
LaTeX Info: Redefining \] on input line 2924.
)
(/usr/local/texlive/2021/texmf-dist/tex/latex/amscls/amsthm.sty
Package: amsthm 2020/05/29 v2.20.6
\thm@style=\toks22
\thm@bodyfont=\toks23
\thm@headfont=\toks24
\thm@notefont=\toks25
\thm@headpunct=\toks26
\thm@preskip=\skip56
\thm@postskip=\skip57
\thm@headsep=\skip58
\dth@everypar=\toks27
)
(/usr/local/texlive/2021/texmf-dist/tex/latex/amsfonts/amssymb.sty
Package: amssymb 2013/01/14 v3.01 AMS font symbols

(/usr/local/texlive/2021/texmf-dist/tex/latex/amsfonts/amsfonts.sty
Package: amsfonts 2013/01/14 v3.01 Basic AMSFonts support
\symAMSa=\mathgroup4
\symAMSb=\mathgroup5
LaTeX Font Info:    Redeclaring math symbol \hbar on input line 98.
LaTeX Font Info:    Overwriting math alphabet `\mathfrak' in version `bold'
(Font)                  U/euf/m/n --> U/euf/b/n on input line 106.
))
(/usr/local/texlive/2021/texmf-dist/tex/latex/lastpage/lastpage.sty
Package: lastpage 2015/03/29 v1.2m Refers to last page's name (HMM; JPG)
)
\c@firstpage=\count268
\c@lastpage=\count269
\c@author=\count270
\c@address=\count271
\sv@mathsurround=\dimen151
\sv@parindent=\dimen152
\fm@box=\box50
\fm@size=\dimen153
\t@glob@notes=\toks28
\t@loc@notes=\toks29
\note@cnt=\count272
\c@ThanksID=\count273
\prev@elem=\count274
\cur@elem=\count275
\c@correspnote=\count276
\c@titlenote=\count277
\c@authornote=\count278
\runauthors@list=\toks30
\one@runauthors@list=\toks31
\pdfmeta@authors=\toks32
\temptoks=\toks33
\authors@list=\toks34
\c@emailref=\count279

(/usr/local/texlive/2021/texmf-dist/tex/latex/sttools/flushend.sty
Package: flushend 2020/10/16 v3.5 Balancing columns in twocolumn mode
\flushend@@lastskip@a=\skip59
\flushend@@lastskip@b=\skip60
\flushend@@lastskip@c=\skip61
\flushend@@penalty@a=\count280
\var@@loop@iter=\count281
\flushend@@lastkern@a=\dimen154
\var@@temp@spread=\dimen155
\var@@temp@a=\dimen156
\var@@temp@loop=\dimen157
\flushend@@page@rule=\dimen158
\flushend@@varbox@a=\box51
\flushend@@varbox@c=\box52
\flushend@@tempbox@a=\box53
\flushend@@tempbox@c=\box54
\@viper=\box55
\hold@viper=\box56
\atColsBreak=\toks35
\atColsEnd=\toks36
)
\abstract@box=\box57
\tablewidth=\dimen159
\keyword@box=\box58
\pre@kwd@depth=\dimen160
\keywords@list=\toks37

(/usr/local/texlive/2021/texmf-dist/tex/latex/psnfss/pifont.sty
Package: pifont 2020/03/25 PSNFSS-v9.3 Pi font support (SPQR) 
LaTeX Font Info:    Trying to load font information for U+pzd on input line 63.


(/usr/local/texlive/2021/texmf-dist/tex/latex/psnfss/upzd.fd
File: upzd.fd 2001/06/04 font definitions for U/pzd.
)
LaTeX Font Info:    Trying to load font information for U+psy on input line 64.


(/usr/local/texlive/2021/texmf-dist/tex/latex/psnfss/upsy.fd
File: upsy.fd 2001/06/04 font definitions for U/psy.
))
(/usr/local/texlive/2021/texmf-dist/tex/latex/base/textcomp.sty
Package: textcomp 2020/02/02 v2.0n Standard LaTeX package
)
(/usr/local/texlive/2021/texmf-dist/tex/latex/textcase/textcase.sty
Package: textcase 2019/09/14 v1.00 Text only upper/lower case changing (DPC)
)
(/usr/local/texlive/2021/texmf-dist/tex/latex/sttools/stfloats.sty
Package: stfloats 2017/03/27 v3.3 Improve float mechanism and baselineskip sett
ings
\@dblbotnum=\count282
\c@dblbotnumber=\count283
)
\table@head=\toks38

(/usr/local/texlive/2021/texmf-dist/tex/latex/caption/caption.sty
Package: caption 2020/10/26 v3.5g Customizing captions (AR)

(/usr/local/texlive/2021/texmf-dist/tex/latex/caption/caption3.sty
Package: caption3 2020/10/21 v2.2e caption3 kernel (AR)
\captionmargin=\dimen161
\captionmargin@=\dimen162
\captionwidth=\dimen163
\caption@tempdima=\dimen164
\caption@indent=\dimen165
\caption@parindent=\dimen166
\caption@hangindent=\dimen167
Package caption Info: Unknown document class (or package),
(caption)             standard defaults will be used.
Package caption Info: \@makecaption = \long macro:#1#2->\vskip \abovecaptionski
p \normalsize \itshape \sffamily \centering #1.\enskip #2\par \vskip \belowcapt
ionskip  on input line 1139.
)

Package caption Warning: Unknown document class (or package),
(caption)                standard defaults will be used.
See the caption package documentation for explanation.

\c@caption@flags=\count284
\c@continuedfloat=\count285
Package caption Info: rotating package is loaded.
) (/usr/local/texlive/2021/texmf-dist/tex/latex/hyperref/hyperref.sty
Package: hyperref 2021-02-27 v7.00k Hypertext links for LaTeX

(/usr/local/texlive/2021/texmf-dist/tex/generic/ltxcmds/ltxcmds.sty
Package: ltxcmds 2020-05-10 v1.25 LaTeX kernel commands for general use (HO)
)
(/usr/local/texlive/2021/texmf-dist/tex/generic/iftex/iftex.sty
Package: iftex 2020/03/06 v1.0d TeX engine tests
)
(/usr/local/texlive/2021/texmf-dist/tex/generic/pdftexcmds/pdftexcmds.sty
Package: pdftexcmds 2020-06-27 v0.33 Utility functions of pdfTeX for LuaTeX (HO
)

(/usr/local/texlive/2021/texmf-dist/tex/generic/infwarerr/infwarerr.sty
Package: infwarerr 2019/12/03 v1.5 Providing info/warning/error messages (HO)
)
Package pdftexcmds Info: \pdf@primitive is available.
Package pdftexcmds Info: \pdf@ifprimitive is available.
Package pdftexcmds Info: \pdfdraftmode found.
)
(/usr/local/texlive/2021/texmf-dist/tex/generic/kvsetkeys/kvsetkeys.sty
Package: kvsetkeys 2019/12/15 v1.18 Key value parser (HO)
)
(/usr/local/texlive/2021/texmf-dist/tex/generic/kvdefinekeys/kvdefinekeys.sty
Package: kvdefinekeys 2019-12-19 v1.6 Define keys (HO)
)
(/usr/local/texlive/2021/texmf-dist/tex/generic/pdfescape/pdfescape.sty
Package: pdfescape 2019/12/09 v1.15 Implements pdfTeX's escape features (HO)
)
(/usr/local/texlive/2021/texmf-dist/tex/latex/hycolor/hycolor.sty
Package: hycolor 2020-01-27 v1.10 Color options for hyperref/bookmark (HO)
)
(/usr/local/texlive/2021/texmf-dist/tex/latex/letltxmacro/letltxmacro.sty
Package: letltxmacro 2019/12/03 v1.6 Let assignment for LaTeX macros (HO)
)
(/usr/local/texlive/2021/texmf-dist/tex/latex/auxhook/auxhook.sty
Package: auxhook 2019-12-17 v1.6 Hooks for auxiliary files (HO)
)
(/usr/local/texlive/2021/texmf-dist/tex/latex/kvoptions/kvoptions.sty
Package: kvoptions 2020-10-07 v3.14 Key value format for package options (HO)
)
\@linkdim=\dimen168
\Hy@linkcounter=\count286
\Hy@pagecounter=\count287

(/usr/local/texlive/2021/texmf-dist/tex/latex/hyperref/pd1enc.def
File: pd1enc.def 2021-02-27 v7.00k Hyperref: PDFDocEncoding definition (HO)
Now handling font encoding PD1 ...
... no UTF-8 mapping file for font encoding PD1
)
(/usr/local/texlive/2021/texmf-dist/tex/latex/hyperref/hyperref-langpatches.def
File: hyperref-langpatches.def 2021-02-27 v7.00k Hyperref: patches for babel la
nguages
) (/usr/local/texlive/2021/texmf-dist/tex/generic/intcalc/intcalc.sty
Package: intcalc 2019/12/15 v1.3 Expandable calculations with integers (HO)
)
(/usr/local/texlive/2021/texmf-dist/tex/generic/etexcmds/etexcmds.sty
Package: etexcmds 2019/12/15 v1.7 Avoid name clashes with e-TeX commands (HO)
)
\Hy@SavedSpaceFactor=\count288

(/usr/local/texlive/2021/texmf-dist/tex/latex/hyperref/puenc.def
File: puenc.def 2021-02-27 v7.00k Hyperref: PDF Unicode definition (HO)
Now handling font encoding PU ...
... no UTF-8 mapping file for font encoding PU
)
Package hyperref Info: Hyper figures OFF on input line 4192.
Package hyperref Info: Link nesting OFF on input line 4197.
Package hyperref Info: Hyper index ON on input line 4200.
Package hyperref Info: Plain pages OFF on input line 4207.
Package hyperref Info: Backreferencing OFF on input line 4212.
Package hyperref Info: Implicit mode ON; LaTeX internals redefined.
Package hyperref Info: Bookmarks ON on input line 4445.
LaTeX Info: Redefining \href on input line 4715.
\c@Hy@tempcnt=\count289

(/usr/local/texlive/2021/texmf-dist/tex/latex/url/url.sty
\Urlmuskip=\muskip17
Package: url 2013/09/16  ver 3.4  Verb mode for urls, etc.
)
LaTeX Info: Redefining \url on input line 4804.
\XeTeXLinkMargin=\dimen169

(/usr/local/texlive/2021/texmf-dist/tex/generic/bitset/bitset.sty
Package: bitset 2019/12/09 v1.3 Handle bit-vector datatype (HO)

(/usr/local/texlive/2021/texmf-dist/tex/generic/bigintcalc/bigintcalc.sty
Package: bigintcalc 2019/12/15 v1.5 Expandable calculations on big integers (HO
)
))
\Fld@menulength=\count290
\Field@Width=\dimen170
\Fld@charsize=\dimen171
Package hyperref Info: Hyper figures OFF on input line 6075.
Package hyperref Info: Link nesting OFF on input line 6080.
Package hyperref Info: Hyper index ON on input line 6083.
Package hyperref Info: backreferencing OFF on input line 6090.
Package hyperref Info: Link coloring OFF on input line 6095.
Package hyperref Info: Link coloring with OCG OFF on input line 6100.
Package hyperref Info: PDF/A mode OFF on input line 6105.
LaTeX Info: Redefining \ref on input line 6145.
LaTeX Info: Redefining \pageref on input line 6149.

(/usr/local/texlive/2021/texmf-dist/tex/latex/base/atbegshi-ltx.sty
Package: atbegshi-ltx 2020/08/17 v1.0a Emulation of the original atbegshi packa
ge
with kernel methods
)
\Hy@abspage=\count291
\c@Item=\count292
\c@Hfootnote=\count293
)
Package hyperref Info: Driver (autodetected): hpdftex.

(/usr/local/texlive/2021/texmf-dist/tex/latex/hyperref/hpdftex.def
File: hpdftex.def 2021-02-27 v7.00k Hyperref driver for pdfTeX

(/usr/local/texlive/2021/texmf-dist/tex/latex/base/atveryend-ltx.sty
Package: atveryend-ltx 2020/08/19 v1.0a Emulation of the original atvery packag
e
with kernel methods
)
\Fld@listcount=\count294
\c@bookmark@seq@number=\count295

(/usr/local/texlive/2021/texmf-dist/tex/latex/rerunfilecheck/rerunfilecheck.sty
Package: rerunfilecheck 2019/12/05 v1.9 Rerun checks for auxiliary files (HO)

(/usr/local/texlive/2021/texmf-dist/tex/generic/uniquecounter/uniquecounter.sty
Package: uniquecounter 2019/12/15 v1.4 Provide unlimited unique counter (HO)
)
Package uniquecounter Info: New unique counter `rerunfilecheck' on input line 2
86.
)
\Hy@SectionHShift=\skip62
)
After Package Info: Apply commands to hyperref on input line 2609
Package hyperref Info: Option `colorlinks' set `true' on input line 2627.
Package hyperref Info: Option `linktocpage' set `true' on input line 2627.
 (/usr/local/texlive/2021/texmf-dist/tex/latex/breakurl/breakurl.sty
Package: breakurl 2013/04/10 v1.40 Breakable hyperref URLs

(/usr/local/texlive/2021/texmf-dist/tex/latex/xkeyval/xkeyval.sty
Package: xkeyval 2020/11/20 v2.8 package option processing (HA)

(/usr/local/texlive/2021/texmf-dist/tex/generic/xkeyval/xkeyval.tex
(/usr/local/texlive/2021/texmf-dist/tex/generic/xkeyval/xkvutils.tex
\XKV@toks=\toks39
\XKV@tempa@toks=\toks40
)
\XKV@depth=\count296
File: xkeyval.tex 2014/12/03 v2.7a key=value parser (HA)
))
(/usr/local/texlive/2021/texmf-dist/tex/generic/iftex/ifpdf.sty
Package: ifpdf 2019/10/25 v3.4 ifpdf legacy package. Use iftex instead.
)

Package breakurl Warning: You are using breakurl while processing via pdflatex.

(breakurl)                \burl will be just a synonym of \url.
(breakurl)                 on input line 48.

)) (/usr/local/texlive/2021/texmf-dist/tex/latex/tools/enumerate.sty
Package: enumerate 2015/07/23 v3.00 enumerate extensions (DPC)
\@enLab=\toks41
)
(/usr/local/texlive/2021/texmf-dist/tex/latex/multirow/multirow.sty
Package: multirow 2021/03/15 v2.8 Span multiple rows of a table
\multirow@colwidth=\skip63
\multirow@cntb=\count297
\multirow@dima=\skip64
\bigstrutjot=\dimen172
)
(/usr/local/texlive/2021/texmf-dist/tex/latex/algorithm2e/algorithm2e.sty
Package: algorithm2e 2017/07/18 v5.2 algorithms environments
\c@AlgoLine=\count298
\algocf@hangindent=\skip65

(/usr/local/texlive/2021/texmf-dist/tex/latex/ifoddpage/ifoddpage.sty
Package: ifoddpage 2016/04/23 v1.1 Conditionals for odd/even page detection
\c@checkoddpage=\count299
)
(/usr/local/texlive/2021/texmf-dist/tex/latex/tools/xspace.sty
Package: xspace 2014/10/28 v1.13 Space after command names (DPC,MH)
)
(/usr/local/texlive/2021/texmf-dist/tex/latex/relsize/relsize.sty
Package: relsize 2013/03/29 ver 4.1
)
\skiptotal=\skip66
\skiplinenumber=\skip67
\skiprule=\skip68
\skiphlne=\skip69
\skiptext=\skip70
\skiplength=\skip71
\algomargin=\skip72
\skipalgocfslide=\skip73
\algowidth=\dimen173
\inoutsize=\dimen174
\inoutindent=\dimen175
\interspacetitleruled=\dimen176
\interspacealgoruled=\dimen177
\interspacetitleboxruled=\dimen178
\algocf@ruledwidth=\skip74
\algocf@inoutbox=\box59
\algocf@inputbox=\box60
\AlCapSkip=\skip75
\AlCapHSkip=\skip76
\algoskipindent=\skip77
\algocf@nlbox=\box61
\algocf@hangingbox=\box62
\algocf@untilbox=\box63
\algocf@skipuntil=\skip78
\algocf@capbox=\box64
\algocf@lcaptionbox=\skip79
\algoheightruledefault=\skip80
\algoheightrule=\skip81
\algotitleheightruledefault=\skip82
\algotitleheightrule=\skip83
\c@algocfline=\count300
\c@algocfproc=\count301
\c@algocf=\count302
\algocf@algoframe=\box65
\algocf@algobox=\box66
)
(/usr/local/texlive/2021/texmf-dist/tex/latex/amsfonts/eucal.sty
Package: eucal 2009/06/22 v3.00 Euler Script fonts
LaTeX Font Info:    Overwriting math alphabet `\EuScript' in version `bold'
(Font)                  U/eus/m/n --> U/eus/b/n on input line 33.
)
(/usr/local/texlive/2021/texmf-dist/tex/latex/epstopdf-pkg/epstopdf.sty
Package: epstopdf 2020-01-24 v2.11 Conversion with epstopdf on the fly (HO)

(/usr/local/texlive/2021/texmf-dist/tex/latex/grfext/grfext.sty
Package: grfext 2019/12/03 v1.3 Manage graphics extensions (HO)
)
(/usr/local/texlive/2021/texmf-dist/tex/latex/epstopdf-pkg/epstopdf-base.sty
Package: epstopdf-base 2020-01-24 v2.11 Base part for package epstopdf
Package epstopdf-base Info: Redefining graphics rule for `.eps' on input line 4
85.
Package grfext Info: Graphics extension search list:
(grfext)             [.pdf,.png,.jpg,.mps,.jpeg,.jbig2,.jb2,.PDF,.PNG,.JPG,.JPE
G,.JBIG2,.JB2,.eps]
(grfext)             \AppendGraphicsExtensions on input line 504.

(/usr/local/texlive/2021/texmf-dist/tex/latex/latexconfig/epstopdf-sys.cfg
File: epstopdf-sys.cfg 2010/07/13 v1.3 Configuration of (r)epstopdf for TeX Liv
e
)))
(/usr/local/texlive/2021/texmf-dist/tex/latex/subfig/subfig.sty
Package: subfig 2005/06/28 ver: 1.3 subfig package
\c@KVtest=\count303
\sf@farskip=\skip84
\sf@captopadj=\dimen179
\sf@capskip=\skip85
\sf@nearskip=\skip86
\c@subfigure=\count304
\c@subfigure@save=\count305
\c@lofdepth=\count306
\c@subtable=\count307
\c@subtable@save=\count308
\c@lotdepth=\count309
\sf@top=\skip87
\sf@bottom=\skip88
)
(/usr/local/texlive/2021/texmf-dist/tex/latex/wrapfig/wrapfig.sty
\wrapoverhang=\dimen180
\WF@size=\dimen181
\c@WF@wrappedlines=\count310
\WF@box=\box67
\WF@everypar=\toks42
Package: wrapfig 2003/01/31  v 3.6
)
(/usr/local/texlive/2021/texmf-dist/tex/latex/oberdiek/hypcap.sty
Package: hypcap 2016/05/16 v1.12 Adjusting the anchors of captions (HO)
)
(/usr/local/texlive/2021/texmf-dist/tex/latex/graphics/color.sty
Package: color 2020/02/24 v1.2b Standard LaTeX Color (DPC)

(/usr/local/texlive/2021/texmf-dist/tex/latex/graphics-cfg/color.cfg
File: color.cfg 2016/01/02 v1.6 sample color configuration
)
Package color Info: Driver file: pdftex.def on input line 147.
)
(/usr/local/texlive/2021/texmf-dist/tex/latex/subfiles/subfiles.sty
Package: subfiles 2020/11/14 v2.2 Multi-file projects (package)

(/usr/local/texlive/2021/texmf-dist/tex/latex/import/import.sty
Package: import 2020/04/01  v 6.2
))
(./Symbols_pream.tex)
\c@thm=\count311
\c@remark=\count312
\c@lemma=\count313
\c@cor=\count314
\c@myex=\count315
\c@condition=\count316
\mybox=\box68
\mysim=\box69

(/usr/local/texlive/2021/texmf-dist/tex/latex/l3backend/l3backend-pdftex.def
File: l3backend-pdftex.def 2021-03-18 L3 backend support: PDF output (pdfTeX)
\l__color_backend_stack_int=\count317
\l__pdf_internal_box=\box70
)
(./ACDC_main.aux

LaTeX Warning: Label `kernel_prop' multiply defined.


LaTeX Warning: Label `sum_approx' multiply defined.


LaTeX Warning: Label `sum_approx_tail' multiply defined.


LaTeX Warning: Label `cond:likelihood_moments' multiply defined.

)
\openout1 = `ACDC_main.aux'.

LaTeX Font Info:    Checking defaults for OML/cmm/m/it on input line 82.
LaTeX Font Info:    ... okay on input line 82.
LaTeX Font Info:    Checking defaults for OMS/cmsy/m/n on input line 82.
LaTeX Font Info:    ... okay on input line 82.
LaTeX Font Info:    Checking defaults for OT1/cmr/m/n on input line 82.
LaTeX Font Info:    ... okay on input line 82.
LaTeX Font Info:    Checking defaults for T1/cmr/m/n on input line 82.
LaTeX Font Info:    ... okay on input line 82.
LaTeX Font Info:    Checking defaults for TS1/cmr/m/n on input line 82.
LaTeX Font Info:    ... okay on input line 82.
LaTeX Font Info:    Checking defaults for OMX/cmex/m/n on input line 82.
LaTeX Font Info:    ... okay on input line 82.
LaTeX Font Info:    Checking defaults for U/cmr/m/n on input line 82.
LaTeX Font Info:    ... okay on input line 82.
LaTeX Font Info:    Checking defaults for PD1/pdf/m/n on input line 82.
LaTeX Font Info:    ... okay on input line 82.
LaTeX Font Info:    Checking defaults for PU/pdf/m/n on input line 82.
LaTeX Font Info:    ... okay on input line 82.
 (/usr/local/texlive/2021/texmf-dist/tex/context/base/mkii/supp-pdf.mkii
[Loading MPS to PDF converter (version 2006.09.02).]
\scratchcounter=\count318
\scratchdimen=\dimen182
\scratchbox=\box71
\nofMPsegments=\count319
\nofMParguments=\count320
\everyMPshowfont=\toks43
\MPscratchCnt=\count321
\MPscratchDim=\dimen183
\MPnumerator=\count322
\makeMPintoPDFobject=\count323
\everyMPtoPDFconversion=\toks44
)
Package lastpage Info: Please have a look at the pageslts package at
(lastpage)             https://www.ctan.org/pkg/pageslts
(lastpage)             ! on input line 82.
Package caption Info: Begin \AtBeginDocument code.
Package caption Info: subfig package v1.3 is loaded.
Package caption Info: hyperref package is loaded.
Package caption Info: hypcap package is loaded.
Package caption Info: wrapfig package is loaded.
Package caption Info: End \AtBeginDocument code.
Package hyperref Info: Link coloring ON on input line 82.
 (/usr/local/texlive/2021/texmf-dist/tex/latex/hyperref/nameref.sty
Package: nameref 2021-04-02 v2.47 Cross-referencing by name of section

(/usr/local/texlive/2021/texmf-dist/tex/latex/refcount/refcount.sty
Package: refcount 2019/12/15 v3.6 Data extraction from label references (HO)
)
(/usr/local/texlive/2021/texmf-dist/tex/generic/gettitlestring/gettitlestring.s
ty
Package: gettitlestring 2019/12/15 v1.6 Cleanup title references (HO)
)
\c@section@level=\count324
)
LaTeX Info: Redefining \ref on input line 82.
LaTeX Info: Redefining \pageref on input line 82.
LaTeX Info: Redefining \nameref on input line 82.
 (./ACDC_main.out) (./ACDC_main.out)
\@outlinefile=\write3
\openout3 = `ACDC_main.out'.

LaTeX Font Info:    Trying to load font information for U+msa on input line 87.


(/usr/local/texlive/2021/texmf-dist/tex/latex/amsfonts/umsa.fd
File: umsa.fd 2013/01/14 v3.01 AMS symbols A
)
LaTeX Font Info:    Trying to load font information for U+msb on input line 87.


(/usr/local/texlive/2021/texmf-dist/tex/latex/amsfonts/umsb.fd
File: umsb.fd 2013/01/14 v3.01 AMS symbols B
)

LaTeX Font Warning: Font shape `OT1/cmr/bx/sc' undefined
(Font)              using `OT1/cmr/bx/n' instead on input line 102.


Package hyperref Warning: Ignoring empty anchor on input line 112.

(./ACDC-1-intro.tex

LaTeX Font Warning: Font shape `OT1/cmss/m/sc' in size <9> not available
(Font)              Font shape `OT1/cmr/m/sc' tried instead on input line 50.

[1{/usr/local/texlive/2021/texmf-var/fonts/map/pdftex/updmap/pdftex.map}


]
Underfull \hbox (badness 5036) in paragraph at lines 110--113
[]\OT1/cmr/m/n/10 The the-o-ret-i-cal ar-gu-ment be-hind an ap-prox-i-mate
 []


Underfull \hbox (badness 2922) in paragraph at lines 110--113
\OT1/cmr/m/n/10 Bayesian in-fer-ence (ei-ther us-ing the sim-ple re-jec-tion
 []


Underfull \hbox (badness 6236) in paragraph at lines 110--113
\OT1/cmr/m/n/10 sam-pling ABC or IS-ABC) de-pends upon $\OML/cmm/m/it/10 q[]\OT
1/cmr/m/n/10 (\OML/cmm/m/it/10 ^^R \OMS/cmsy/m/n/10 j
 []


Underfull \hbox (badness 3965) in paragraph at lines 110--113
\OML/cmm/m/it/10 s[]\OT1/cmr/m/n/10 )$ con-verg-ing to the pos-te-rior, $\OML/c
mm/m/it/10 p\OT1/cmr/m/n/10 (\OML/cmm/m/it/10 ^^R \OMS/cmsy/m/n/10 j \OML/cmm/m
/it/10 x[]\OT1/cmr/m/n/10 ) =
 []

[2]
<Images//Cauchy_ABC_fig_n100.pdf, id=202, 505.89pt x 505.89pt>
File: Images//Cauchy_ABC_fig_n100.pdf Graphic file (type pdf)
<use Images//Cauchy_ABC_fig_n100.pdf>
Package pdftex.def Info: Images//Cauchy_ABC_fig_n100.pdf  used on input line 12
4.
(pdftex.def)             Requested size: 233.09818pt x 147.95485pt.
LaTeX Font Info:    Trying to load font information for U+eus on input line 166
.
 (/usr/local/texlive/2021/texmf-dist/tex/latex/amsfonts/ueus.fd
File: ueus.fd 2013/01/14 v3.01 Euler Script
)
Underfull \hbox (badness 1389) in paragraph at lines 166--167
[]\OT1/cmr/m/n/10 In ad-di-tion to the no-ta-tion from the in-tro-duc-tion,
 []

) (./ACDC-2-main-theory.tex [3 <./Images//Cauchy_ABC_fig_n100.pdf>]
LaTeX Font Info:    Trying to load font information for U+euf on input line 26.


(/usr/local/texlive/2021/texmf-dist/tex/latex/amsfonts/ueuf.fd
File: ueuf.fd 2013/01/14 v3.01 Euler Fraktur
) [4]
Overfull \hbox (4.97057pt too wide) detected at line 101
\OMS/cmsy/m/n/10 j[][]\OT1/cmr/m/n/10 (\OML/cmm/m/it/10 ^^V \OMS/cmsy/m/n/10 ^^
@ \OML/cmm/m/it/10 S[] \OMS/cmsy/m/n/10 ^^T \OML/cmm/m/it/10 u \OMS/cmsy/m/n/10
 j \OML/cmm/m/it/10 S[] \OT1/cmr/m/n/10 = \OML/cmm/m/it/10 s[]\OT1/cmr/m/n/10 )
 \OMS/cmsy/m/n/10 ^^@ []\OT1/cmr/m/n/10 (\OML/cmm/m/it/10 S[] \OMS/cmsy/m/n/10 
^^@ \OML/cmm/m/it/10 ^^V \OMS/cmsy/m/n/10 ^^T \OML/cmm/m/it/10 u \OMS/cmsy/m/n/
10 j \OML/cmm/m/it/10 ^^V \OT1/cmr/m/n/10 = \OML/cmm/m/it/10 ^^V[]\OT1/cmr/m/n/
10 )\OMS/cmsy/m/n/10 j [] \OML/cmm/m/it/10 o\OT1/cmr/m/n/10 (1)\OML/cmm/m/it/10
 :
 []


Overfull \hbox (7.29468pt too wide) in alignment at lines 107--130
 [][][] []
 []

) (./ACDC-3-rn.tex [5]

Package hyperref Warning: Token not allowed in a PDF string (Unicode):
(hyperref)                removing `math shift' on input line 135.


Package hyperref Warning: Token not allowed in a PDF string (Unicode):
(hyperref)                removing `subscript' on input line 135.


Package hyperref Warning: Token not allowed in a PDF string (Unicode):
(hyperref)                removing `math shift' on input line 135.

[6]) (./ACDC-4-numerical-ex.tex [7]
LaTeX Font Info:    Font shape `OT1/cmss/m/it' in size <10> not available
(Font)              Font shape `OT1/cmss/m/sl' tried instead on input line 29.


pdfTeX warning: /Library/TeX/texbin/pdflatex (file ./Images/Cauchy_one_run.pdf)
: PDF inclusion: found PDF version <1.7>, but at most version <1.5> allowed
<Images/Cauchy_one_run.pdf, id=389, 595.72035pt x 594.189pt>
File: Images/Cauchy_one_run.pdf Graphic file (type pdf)
<use Images/Cauchy_one_run.pdf>
Package pdftex.def Info: Images/Cauchy_one_run.pdf  used on input line 68.
(pdftex.def)             Requested size: 233.09842pt x 232.49435pt.
[8 <./Images/Cauchy_one_run.pdf>]
<Images/Ricker_one_run.pdf, id=421, 1368.11125pt x 777.90625pt>
File: Images/Ricker_one_run.pdf Graphic file (type pdf)
<use Images/Ricker_one_run.pdf>
Package pdftex.def Info: Images/Ricker_one_run.pdf  used on input line 159.
(pdftex.def)             Requested size: 233.09842pt x 132.53905pt.
) (./ACDC-5-discussion.tex [9])
(./ACDC-6-supp.tex [10 <./Images/Ricker_one_run.pdf>]
Underfull \hbox (badness 10000) in paragraph at lines 75--77
[]\OT1/cmr/m/n/10 (ii)$[][] \OML/cmm/m/it/10 v[]K[]\OT1/cmr/m/n/10 (\OML/cmm/m/
it/10 v\OT1/cmr/m/n/10 )\OML/cmm/m/it/10 dv < \OMS/cmsy/m/n/10 1$ \OT1/cmr/m/n/
10 for any co-or-di-nates
 []


Underfull \hbox (badness 10000) in paragraph at lines 118--120
\OT1/cmr/m/n/10 in prob-a-bil-ity as $\OML/cmm/m/it/10 n \OMS/cmsy/m/n/10 ! 1$\
OT1/cmr/m/n/10 , where $\OML/cmm/m/it/10 ^^L[] \OT1/cmr/m/n/10 =
 []


Overfull \hbox (6.95909pt too wide) in alignment at lines 138--143
 [][][] []
 []


Underfull \hbox (badness 10000) in paragraph at lines 154--156
\OT1/cmr/m/n/10 (1) There ex-ists a se-ries $\OMS/cmsy/m/n/10 f\OML/cmm/m/it/10
 k[]\OMS/cmsy/m/n/10 g$\OT1/cmr/m/n/10 , such that
 []

[11]
Underfull \hbox (badness 1412) in paragraph at lines 215--223
\OT1/cmr/m/n/10 for any func-tion $\OML/cmm/m/it/10 h\OT1/cmr/m/n/10 (\OMS/cmsy
/m/n/10 ^^A\OML/cmm/m/it/10 ; \OMS/cmsy/m/n/10 ^^A\OT1/cmr/m/n/10 )$ in $\U/msb
/m/n/10 R[] \OMS/cmsy/m/n/10 ^^B \U/msb/m/n/10 R[]$\OT1/cmr/m/n/10 . De-note th
e fac-
 []


Underfull \hbox (badness 2707) in paragraph at lines 244--246
[]$[]\OT1/cmr/m/n/10 (\OML/cmm/m/it/10 t[]v[]\OT1/cmr/m/n/10 )\OML/cmm/m/it/10 
=[]\OT1/cmr/m/n/10 (1) = \OML/cmm/m/it/10 g[]\OT1/cmr/m/n/10 (\OML/cmm/m/it/10 
t[]v[]\OT1/cmr/m/n/10 )\OML/cmm/m/it/10 =g[]\OT1/cmr/m/n/10 (1) +
 []


Underfull \hbox (badness 10000) in paragraph at lines 244--246
\OML/cmm/m/it/10 O[]\OT1/cmr/m/n/10 (\OML/cmm/m/it/10 a[]\OT1/cmr/m/n/10 ) + \O
ML/cmm/m/it/10 O[]\OT1/cmr/m/n/10 (\OML/cmm/m/it/10 a[]"[]\OT1/cmr/m/n/10 )$ fo
r pairs $(\OML/cmm/m/it/10 k[]; k[]\OT1/cmr/m/n/10 ) =
 []


Overfull \hbox (26.14653pt too wide) in alignment at lines 247--249
 [][][] []
 []


Overfull \hbox (8.05519pt too wide) detected at line 262
[] \OT1/cmr/m/n/10 = [] + \OML/cmm/m/it/10 a[]^^M[]\OT1/cmr/m/n/10 (\OML/cmm/m/
it/10 t\OT1/cmr/m/n/10 )\OML/cmm/m/it/10 D[]t;
 []


Underfull \hbox (badness 10000) in paragraph at lines 262--267
\OT1/cmr/m/n/10 where $\OMS/cmsy/m/n/10 k\OML/cmm/m/it/10 e[]\OMS/cmsy/m/n/10 k
 ^^T \OML/cmm/m/it/10 ^^N$\OT1/cmr/m/n/10 , and this leads to re-plac-ing
 []


Underfull \hbox (badness 10000) in paragraph at lines 262--267
\OML/cmm/m/it/10 ^^Y\OT1/cmr/m/n/10 (\OML/cmm/m/it/10 ^^R[]\OT1/cmr/m/n/10 ) []
[] \OML/cmm/m/it/10 g[]\OT1/cmr/m/n/10 (\OML/cmm/m/it/10 t; ^^W\OT1/cmr/m/n/10 
)\OML/cmm/m/it/10 dtd^^W$ \OT1/cmr/m/n/10 in equa-tion (11) by
 []


Underfull \hbox (badness 1184) in paragraph at lines 288--296
\OML/cmm/m/it/10 s[]\OT1/cmr/m/n/10 )\OML/cmm/m/it/10 d^^R$\OT1/cmr/m/n/10 . De
-fine the ex-pec-ta-tion of $\OML/cmm/m/it/10 ^^R$ \OT1/cmr/m/n/10 with dis-tri
-bu-tion
 []

[12]
Overfull \hbox (92.61623pt too wide) in alignment at lines 313--319
 [][][] []
 []


Overfull \hbox (52.27602pt too wide) detected at line 328
[]
 []


Overfull \hbox (43.55444pt too wide) detected at line 334
[]
 []


Overfull \hbox (89.37877pt too wide) in alignment at lines 337--342
 [][][] []
 []


Underfull \hbox (badness 10000) in paragraph at lines 342--352
\OT1/cmr/m/n/10 where $\OML/cmm/m/it/10 Q[] \OT1/cmr/m/n/10 = []$
 []


Underfull \hbox (badness 10000) in paragraph at lines 342--352
\OT1/cmr/m/n/10 and $\OML/cmm/m/it/10 t[] \OT1/cmr/m/n/10 = \OML/cmm/m/it/10 k[
]t[]$\OT1/cmr/m/n/10 . Since $\OML/cmm/m/it/10 Q[]$ \OT1/cmr/m/n/10 can be writ
-ten as
 []


Underfull \hbox (badness 10000) in paragraph at lines 342--352
[]$\OT1/cmr/m/n/10 , it
 []


Underfull \hbox (badness 5050) in paragraph at lines 342--352
\OT1/cmr/m/n/10 con-verges to $\U/msb/m/n/10 R[]$ \OT1/cmr/m/n/10 for any fixed
 $\OML/cmm/m/it/10 v$ \OT1/cmr/m/n/10 with prob-a-bil-ity
 []


Underfull \hbox (badness 2197) in paragraph at lines 342--352
\OT1/cmr/m/n/10 one us-ing the dom-i-nated con-ver-gence the-o-rem. Then
 []


Overfull \hbox (21.50653pt too wide) detected at line 354
\OML/cmm/m/it/10 k[] [] \OMS/cmsy/m/n/10 k\OML/cmm/m/it/10 D[]^^M[]\OT1/cmr/m/n
/10 (\OML/cmm/m/it/10 t\OT1/cmr/m/n/10 )\OMS/cmsy/m/n/10 k [][] k\OML/cmm/m/it/
10 t[]\OMS/cmsy/m/n/10 k[]\OML/cmm/m/it/10 N\OMS/cmsy/m/n/10 f\OML/cmm/m/it/10 
t[]\OT1/cmr/m/n/10 ; 0\OML/cmm/m/it/10 ; I\OT1/cmr/m/n/10 (\OML/cmm/m/it/10 ^^R
[]\OT1/cmr/m/n/10 )\OMS/cmsy/m/n/10 g \OML/cmm/m/it/10 dt[] [][] ^^W[]G[]\OT1/c
mr/m/n/10 (\OML/cmm/m/it/10 ^^W\OT1/cmr/m/n/10 ) \OML/cmm/m/it/10 d^^W;
 []


Overfull \hbox (72.16805pt too wide) in alignment at lines 361--364
 [][][] []
 []


Underfull \hbox (badness 2547) in paragraph at lines 381--385
[]\OT1/cmr/m/n/10 if $\OML/cmm/m/it/10 "[] \OT1/cmr/m/n/10 = \OML/cmm/m/it/10 o
\OT1/cmr/m/n/10 (\OML/cmm/m/it/10 a[]\OT1/cmr/m/n/10 )$, then $[](1)$ and $\OML
/cmm/m/it/10 r[]\OT1/cmr/m/n/10 (1)$ are
 []


Underfull \hbox (badness 10000) in paragraph at lines 381--385
\OT1/cmr/m/n/10 ^^B[](\OML/cmm/m/it/10 ^^\[]a[]\OT1/cmr/m/n/10 )$, and thus $[]
(1)$ and $\OML/cmm/m/it/10 q[]\OT1/cmr/m/n/10 (1)$ are
 []


Overfull \hbox (13.83646pt too wide) detected at line 405
[] \OMS/cmsy/m/n/10 j\OML/cmm/m/it/10 Q[]\OT1/cmr/m/n/10 (\OML/cmm/m/it/10 ^^R 
\OMS/cmsy/m/n/10 2 \OML/cmm/m/it/10 A \OMS/cmsy/m/n/10 \ \OML/cmm/m/it/10 B[] \
OMS/cmsy/m/n/10 j \OML/cmm/m/it/10 s[]\OT1/cmr/m/n/10 ) \OMS/cmsy/m/n/10 ^^@ []
\OT1/cmr/m/n/10 (\OML/cmm/m/it/10 ^^R \OMS/cmsy/m/n/10 2 \OML/cmm/m/it/10 A \OM
S/cmsy/m/n/10 \ \OML/cmm/m/it/10 B[] \OMS/cmsy/m/n/10 j \OML/cmm/m/it/10 s[]\OT
1/cmr/m/n/10 )\OMS/cmsy/m/n/10 j \OT1/cmr/m/n/10 = \OML/cmm/m/it/10 o[]\OT1/cmr
/m/n/10 (1);
 []


Underfull \hbox (badness 3250) in paragraph at lines 408--416
\OT1/cmr/m/it/10 Proof of Lemma [][]6[][]: \OT1/cmr/m/n/10 This lemma gen-er-al
-izes Lemma
 []


Underfull \hbox (badness 1448) in paragraph at lines 408--416
\OT1/cmr/m/n/10 Lemma 3 and 5 from [[]] to hold. The re-sult that
 []


Underfull \hbox (badness 10000) in paragraph at lines 408--416

 []

[13]
Overfull \hbox (45.40549pt too wide) detected at line 438
[] \OT1/cmr/m/n/10 = \OML/cmm/m/it/10 a[]"[] [] :
 []


Overfull \hbox (11.7274pt too wide) detected at line 443
\OML/cmm/m/it/10 a[]"[] [] :
 []


Overfull \hbox (87.03362pt too wide) detected at line 448
[]
 []


Overfull \hbox (74.91661pt too wide) in alignment at lines 453--456
 [][][] []
 []


Overfull \hbox (45.9269pt too wide) in alignment at lines 459--464
 [][][] []
 []


Overfull \hbox (33.21045pt too wide) detected at line 468
[]
 []

) (./ACDC-7-appendix.tex [14] [15]) (./ACDC_main.bbl
Underfull \vbox (badness 2478) has occurred while \output is active []

 [16])

AED: lastpage setting LastPage
Extra height:22.60004pt when 85.30002pt
Extra height:22.60004pt when 86.30002pt
Extra height:22.60004pt when 87.30002pt
Extra height:22.60004pt when 88.30002pt
Extra height:22.60004pt when 89.30002pt
Extra height:22.60004pt when 90.30002pt
Extra height:22.60004pt when 91.30002pt
Extra height:22.60004pt when 92.30002pt
Extra height:0.0pt when 93.30002pt
(2)Left:93.30002pt Right:65.60004pt Output:93.30002pt
- LAST -
Extra skip: 0.0pt
Left:93.30002pt
Right:65.60004pt
Output:93.30002pt
[17

] (./ACDC_main.aux)

LaTeX Font Warning: Some font shapes were not available, defaults substituted.


LaTeX Warning: There were multiply-defined labels.

Package rerunfilecheck Info: File `ACDC_main.out' has not changed.
(rerunfilecheck)             Checksum: 8461937221F4B137A396BFF265B9159D;5074.
 ) 
Here is how much of TeX's memory you used:
 14228 strings out of 478994
 210602 string characters out of 5858185
 553505 words of memory out of 5000000
 31267 multiletter control sequences out of 15000+600000
 426850 words of font info for 113 fonts, out of 8000000 for 9000
 1142 hyphenation exceptions out of 8191
 98i,20n,102p,1313b,588s stack positions out of 5000i,500n,10000p,200000b,80000s
</usr/local/texlive/2021/texmf-dist/fonts/type1/public/amsfonts/cm/cmbx10.pfb
></usr/local/texlive/2021/texmf-dist/fonts/type1/public/amsfonts/cm/cmbx8.pfb><
/usr/local/texlive/2021/texmf-dist/fonts/type1/public/amsfonts/cm/cmbx9.pfb></u
sr/local/texlive/2021/texmf-dist/fonts/type1/public/amsfonts/cm/cmcsc10.pfb></u
sr/local/texlive/2021/texmf-dist/fonts/type1/public/amsfonts/cm/cmex10.pfb></us
r/local/texlive/2021/texmf-dist/fonts/type1/public/amsfonts/cmextra/cmex7.pfb><
/usr/local/texlive/2021/texmf-dist/fonts/type1/public/amsfonts/cmextra/cmex9.pf
b></usr/local/texlive/2021/texmf-dist/fonts/type1/public/amsfonts/cm/cmmi10.pfb
></usr/local/texlive/2021/texmf-dist/fonts/type1/public/amsfonts/cm/cmmi5.pfb><
/usr/local/texlive/2021/texmf-dist/fonts/type1/public/amsfonts/cm/cmmi6.pfb></u
sr/local/texlive/2021/texmf-dist/fonts/type1/public/amsfonts/cm/cmmi7.pfb></usr
/local/texlive/2021/texmf-dist/fonts/type1/public/amsfonts/cm/cmmi9.pfb></usr/l
ocal/texlive/2021/texmf-dist/fonts/type1/public/amsfonts/cm/cmmib10.pfb></usr/l
ocal/texlive/2021/texmf-dist/fonts/type1/public/amsfonts/cmextra/cmmib8.pfb></u
sr/local/texlive/2021/texmf-dist/fonts/type1/public/amsfonts/cm/cmr10.pfb></usr
/local/texlive/2021/texmf-dist/fonts/type1/public/amsfonts/cm/cmr5.pfb></usr/lo
cal/texlive/2021/texmf-dist/fonts/type1/public/amsfonts/cm/cmr6.pfb></usr/local
/texlive/2021/texmf-dist/fonts/type1/public/amsfonts/cm/cmr7.pfb></usr/local/te
xlive/2021/texmf-dist/fonts/type1/public/amsfonts/cm/cmr8.pfb></usr/local/texli
ve/2021/texmf-dist/fonts/type1/public/amsfonts/cm/cmr9.pfb></usr/local/texlive/
2021/texmf-dist/fonts/type1/public/amsfonts/cm/cmss10.pfb></usr/local/texlive/2
021/texmf-dist/fonts/type1/public/amsfonts/cm/cmss9.pfb></usr/local/texlive/202
1/texmf-dist/fonts/type1/public/amsfonts/cm/cmssbx10.pfb></usr/local/texlive/20
21/texmf-dist/fonts/type1/public/amsfonts/cm/cmssi10.pfb></usr/local/texlive/20
21/texmf-dist/fonts/type1/public/amsfonts/cm/cmsy10.pfb></usr/local/texlive/202
1/texmf-dist/fonts/type1/public/amsfonts/cm/cmsy5.pfb></usr/local/texlive/2021/
texmf-dist/fonts/type1/public/amsfonts/cm/cmsy6.pfb></usr/local/texlive/2021/te
xmf-dist/fonts/type1/public/amsfonts/cm/cmsy7.pfb></usr/local/texlive/2021/texm
f-dist/fonts/type1/public/amsfonts/cm/cmsy8.pfb></usr/local/texlive/2021/texmf-
dist/fonts/type1/public/amsfonts/cm/cmsy9.pfb></usr/local/texlive/2021/texmf-di
st/fonts/type1/public/amsfonts/cm/cmti10.pfb></usr/local/texlive/2021/texmf-dis
t/fonts/type1/public/amsfonts/cm/cmti7.pfb></usr/local/texlive/2021/texmf-dist/
fonts/type1/public/amsfonts/cm/cmti8.pfb></usr/local/texlive/2021/texmf-dist/fo
nts/type1/public/amsfonts/cm/cmti9.pfb></usr/local/texlive/2021/texmf-dist/font
s/type1/public/amsfonts/cm/cmtt10.pfb></usr/local/texlive/2021/texmf-dist/fonts
/type1/public/amsfonts/euler/eufm10.pfb></usr/local/texlive/2021/texmf-dist/fon
ts/type1/public/amsfonts/euler/eufm7.pfb></usr/local/texlive/2021/texmf-dist/fo
nts/type1/public/amsfonts/euler/eusm10.pfb></usr/local/texlive/2021/texmf-dist/
fonts/type1/public/amsfonts/symbols/msam10.pfb></usr/local/texlive/2021/texmf-d
ist/fonts/type1/public/amsfonts/symbols/msbm10.pfb></usr/local/texlive/2021/tex
mf-dist/fonts/type1/public/amsfonts/symbols/msbm7.pfb>
Output written on ACDC_main.pdf (17 pages, 815101 bytes).
PDF statistics:
 771 PDF objects out of 1000 (max. 8388607)
 695 compressed objects within 7 object streams
 131 named destinations out of 1000 (max. 500000)
 272 words of extra memory for PDF output out of 10000 (max. 10000000)

